0 info it worked if it ends with ok
1 verbose cli [ '/usr/local/bin/node',
1 verbose cli   '/usr/local/bin/npm',
1 verbose cli   'install',
1 verbose cli   'mongoose^3.8.20' ]
2 info using npm@1.4.28
3 info using node@v0.10.32
4 warn package.json api@1.0.0 No description
5 warn package.json api@1.0.0 No repository field.
6 warn package.json api@1.0.0 No README data
7 warn package.json crypto@0.0.3 crypto is also the name of a node core module.
8 verbose readDependencies using package.json deps
9 verbose cache add [ 'mongoose^3.8.20', null ]
10 verbose cache add name=undefined spec="mongoose^3.8.20" args=["mongoose^3.8.20",null]
11 verbose parsed url { protocol: null,
11 verbose parsed url   slashes: null,
11 verbose parsed url   auth: null,
11 verbose parsed url   host: null,
11 verbose parsed url   port: null,
11 verbose parsed url   hostname: null,
11 verbose parsed url   hash: null,
11 verbose parsed url   search: null,
11 verbose parsed url   query: null,
11 verbose parsed url   pathname: 'mongoose^3.8.20',
11 verbose parsed url   path: 'mongoose^3.8.20',
11 verbose parsed url   href: 'mongoose^3.8.20' }
12 silly lockFile 3ba9a0dd-mongoose-3-8-20 mongoose^3.8.20
13 verbose lock mongoose^3.8.20 /Users/kameronsween/.npm/3ba9a0dd-mongoose-3-8-20.lock
14 silly lockFile 3ba9a0dd-mongoose-3-8-20 mongoose^3.8.20
15 silly lockFile 3ba9a0dd-mongoose-3-8-20 mongoose^3.8.20
16 verbose addNamed [ 'mongoose^3.8.20', '' ]
17 verbose addNamed [ null, '*' ]
18 silly lockFile 271ef4ef-mongoose-3-8-20 mongoose^3.8.20@
19 verbose lock mongoose^3.8.20@ /Users/kameronsween/.npm/271ef4ef-mongoose-3-8-20.lock
20 silly addNameRange { name: 'mongoose^3.8.20', range: '*', hasData: false }
21 verbose request where is /mongoose^3.8.20
22 verbose request registry https://registry.npmjs.org/
23 verbose request id f36f1c341e57b831
24 verbose url raw /mongoose^3.8.20
25 verbose url resolving [ 'https://registry.npmjs.org/', './mongoose%5E3.8.20' ]
26 verbose url resolved https://registry.npmjs.org/mongoose%5E3.8.20
27 verbose request where is https://registry.npmjs.org/mongoose%5E3.8.20
28 info trying registry request attempt 1 at 10:06:38
29 http GET https://registry.npmjs.org/mongoose%5E3.8.20
30 http 404 https://registry.npmjs.org/mongoose%5E3.8.20
31 verbose headers { date: 'Fri, 05 Dec 2014 15:06:38 GMT',
31 verbose headers   server: 'CouchDB/1.5.0 (Erlang OTP/R16B03)',
31 verbose headers   'content-type': 'application/json',
31 verbose headers   'cache-control': 'max-age=0',
31 verbose headers   'content-length': '52',
31 verbose headers   'accept-ranges': 'bytes',
31 verbose headers   via: '1.1 varnish',
31 verbose headers   age: '0',
31 verbose headers   'x-served-by': 'cache-atl6234-ATL',
31 verbose headers   'x-cache': 'MISS',
31 verbose headers   'x-cache-hits': '0',
31 verbose headers   'x-timer': 'S1417791998.120981,VS0,VE76',
31 verbose headers   'keep-alive': 'timeout=10, max=50',
31 verbose headers   connection: 'Keep-Alive' }
32 silly registry.get cb [ 404,
32 silly registry.get   { date: 'Fri, 05 Dec 2014 15:06:38 GMT',
32 silly registry.get     server: 'CouchDB/1.5.0 (Erlang OTP/R16B03)',
32 silly registry.get     'content-type': 'application/json',
32 silly registry.get     'cache-control': 'max-age=0',
32 silly registry.get     'content-length': '52',
32 silly registry.get     'accept-ranges': 'bytes',
32 silly registry.get     via: '1.1 varnish',
32 silly registry.get     age: '0',
32 silly registry.get     'x-served-by': 'cache-atl6234-ATL',
32 silly registry.get     'x-cache': 'MISS',
32 silly registry.get     'x-cache-hits': '0',
32 silly registry.get     'x-timer': 'S1417791998.120981,VS0,VE76',
32 silly registry.get     'keep-alive': 'timeout=10, max=50',
32 silly registry.get     connection: 'Keep-Alive' } ]
33 silly lockFile 271ef4ef-mongoose-3-8-20 mongoose^3.8.20@
34 silly lockFile 271ef4ef-mongoose-3-8-20 mongoose^3.8.20@
35 error 404 404 Not Found: mongoose%5E3.8.20
35 error 404
35 error 404 'mongoose%5E3.8.20' is not in the npm registry.
35 error 404 You should bug the author to publish it
35 error 404 It was specified as a dependency of 'api'
35 error 404
35 error 404 Note that you can also install from a
35 error 404 tarball, folder, or http url, or git url.
36 error System Darwin 14.0.0
37 error command "/usr/local/bin/node" "/usr/local/bin/npm" "install" "mongoose^3.8.20"
38 error cwd /Users/kameronsween/Documents/git/ps_jwt/api
39 error node -v v0.10.32
40 error npm -v 1.4.28
41 error code E404
42 verbose exit [ 1, true ]
